<?xml version="1.0" encoding="UTF-8"?>
<!-- Generated by org.testng.reporters.JUnitReportReporter -->
<testsuite hostname="st-Precision-3530" failures="0" tests="6" name="com.Tcarts_FPO.Settings" time="8.406" errors="0" timestamp="2023-10-02T12:52:01 IST" skipped="2">
  <testcase classname="com.Tcarts_FPO.Settings" name="holidays" time="4.973"/>
  <testcase classname="com.Tcarts_FPO.Settings" name="settings" time="0.001"/>
  <testcase classname="com.Tcarts_FPO.Settings" name="logIn" time="2.129"/>
  <testcase classname="com.Tcarts_FPO.Settings" name="setUp" time="1.303"/>
  <testcase classname="com.Tcarts_FPO.Settings" name="dishes">
    <skipped/>
  </testcase> <!-- dishes -->
  <testcase classname="com.Tcarts_FPO.Settings" name="canteen">
    <skipped/>
  </testcase> <!-- canteen -->
</testsuite> <!-- com.Tcarts_FPO.Settings -->
