<?xml version="1.0" encoding="UTF-8"?>
<!-- Generated by org.testng.reporters.JUnitReportReporter -->
<testsuite hostname="st-Precision-3530" failures="0" tests="7" name="com.Tcarts_FPO.Users" time="29.193" errors="0" timestamp="2023-09-27T19:44:24 IST" skipped="3">
  <testcase classname="com.Tcarts_FPO.Users" name="setUp" time="1.358"/>
  <testcase classname="com.Tcarts_FPO.Users" name="logIn" time="2.223"/>
  <testcase classname="com.Tcarts_FPO.Users" name="student" time="24.566"/>
  <testcase classname="com.Tcarts_FPO.Users" name="users" time="1.046"/>
  <testcase classname="com.Tcarts_FPO.Users" name="staff">
    <skipped/>
  </testcase> <!-- staff -->
  <testcase classname="com.Tcarts_FPO.Users" name="guest">
    <skipped/>
  </testcase> <!-- guest -->
  <testcase classname="com.Tcarts_FPO.Users" name="canteenStaff">
    <skipped/>
  </testcase> <!-- canteenStaff -->
</testsuite> <!-- com.Tcarts_FPO.Users -->
